<?xml version="1.0" encoding="UTF-8"?>
<testsuite xmlns:xsi="http://www.w3.org/2001/XMLSchema-instance" xsi:noNamespaceSchemaLocation="https://maven.apache.org/surefire/maven-surefire-plugin/xsd/surefire-test-report.xsd" name="com.example.AppTest" time="0.012" tests="4" errors="0" skipped="0" failures="0">
  <properties>
[...]
</properties>
  <testcase name="testFactorialFunction" classname="com.example.AppTest" time="0.001"/>
  <testcase name="testSquareRootFunction" classname="com.example.AppTest" time="0"/>
  <testcase name="testPowerFunction" classname="com.example.AppTest" time="0"/>
  <testcase name="testNaturalLogarithmFunction" classname="com.example.AppTest" time="0"/>
</testsuite>